2025-10-28 14:55:16 - INFO - ==================================================
2025-10-28 14:55:16 - INFO - Калькулятор запущен
2025-10-28 14:55:16 - INFO - ==================================================
2025-10-28 14:55:16 - INFO - Сложение: 10.0 + 5.0 = 15.0
2025-10-28 14:55:16 - INFO - ==================================================
2025-10-28 14:55:16 - INFO - Калькулятор запущен
2025-10-28 14:55:16 - INFO - ==================================================
2025-10-28 14:55:16 - INFO - Вычитание: 20.0 - 8.0 = 12.0
2025-10-28 14:55:16 - INFO - ==================================================
2025-10-28 14:55:16 - INFO - Калькулятор запущен
2025-10-28 14:55:16 - INFO - ==================================================
2025-10-28 14:55:16 - INFO - Умножение: 7.0 * 6.0 = 42.0
2025-10-28 14:55:17 - INFO - ==================================================
2025-10-28 14:55:17 - INFO - Калькулятор запущен
2025-10-28 14:55:17 - INFO - ==================================================
2025-10-28 14:55:17 - INFO - Деление: 100.0 / 4.0 = 25.0
2025-10-28 14:55:17 - INFO - ==================================================
2025-10-28 14:55:17 - INFO - Калькулятор запущен
2025-10-28 14:55:17 - INFO - ==================================================
2025-10-28 14:55:17 - ERROR - Ошибка при выполнении операции: Ошибка: деление на ноль невозможно
2025-10-28 14:55:17 - INFO - ==================================================
2025-10-28 14:55:17 - INFO - Калькулятор запущен
2025-10-28 14:55:17 - INFO - ==================================================
2025-10-28 14:55:17 - WARNING - Пользователь выбрал некорректную операцию: abc
2025-10-28 14:55:17 - INFO - Сложение: 5.0 + 3.0 = 8.0
2025-10-28 14:55:17 - INFO - ==================================================
2025-10-28 14:55:17 - INFO - Калькулятор запущен
2025-10-28 14:55:17 - INFO - ==================================================
2025-10-28 14:55:17 - INFO - Пользователь завершил работу с калькулятором
2025-10-28 14:55:17 - INFO - ==================================================
2025-10-28 14:56:59 - INFO - ==================================================
2025-10-28 14:56:59 - INFO - Калькулятор запущен
2025-10-28 14:56:59 - INFO - ==================================================
